<?xml version="1.0" encoding="UTF-8"?>
<!-- Generated by org.testng.reporters.JUnitReportReporter -->
<testsuite hostname="DESKTOP-EM2EMIA" failures="0" tests="4" name="logintests.day6test" time="109.224" errors="0" timestamp="2024-07-21T16:32:14 IST" skipped="0">
  <testcase classname="logintests.day6test" name="validateLoginAttempt" time="13.600"/>
  <testcase classname="logintests.day6test" name="validateLoginAttempt" time="14.250"/>
  <testcase classname="logintests.day6test" name="validateLoginAttempt" time="17.102"/>
  <testcase classname="logintests.day6test" name="validateLoginAttempt" time="64.272"/>
</testsuite> <!-- logintests.day6test -->
