<?xml version="1.0" encoding="UTF-8"?>
<!-- Generated by org.testng.reporters.JUnitReportReporter -->
<testsuite hostname="DESKTOP-EM2EMIA" failures="0" tests="4" name="logintests.day5test" time="112.319" errors="0" timestamp="2024-07-16T10:56:37 IST" skipped="0">
  <testcase classname="logintests.day5test" name="validateLoginAttempt" time="16.503"/>
  <testcase classname="logintests.day5test" name="validateLoginAttempt" time="16.360"/>
  <testcase classname="logintests.day5test" name="validateLoginAttempt" time="65.748"/>
  <testcase classname="logintests.day5test" name="validateLoginAttempt" time="13.708"/>
</testsuite> <!-- logintests.day5test -->
