<?xml version="1.0" encoding="UTF-8"?>
<!-- Generated by org.testng.reporters.JUnitReportReporter -->
<testsuite hostname="DESKTOP-EM2EMIA" failures="0" tests="1" name="logintests.day4test" time="59.123" errors="0" timestamp="2024-07-10T11:58:25 IST" skipped="0">
  <testcase classname="logintests.day4test" name="loginFunction" time="59.123"/>
</testsuite> <!-- logintests.day4test -->
