<?xml version="1.0" encoding="UTF-8"?>
<!-- Generated by org.testng.reporters.JUnitReportReporter -->
<testsuite hostname="DESKTOP-EM2EMIA" failures="0" tests="4" name="logintests.AfterLogin" time="102.476" errors="0" timestamp="2024-07-16T19:31:56 IST" skipped="0">
  <testcase classname="logintests.AfterLogin" name="loginviaDataProvider" time="20.025"/>
  <testcase classname="logintests.AfterLogin" name="loginviaDataProvider" time="29.070"/>
  <testcase classname="logintests.AfterLogin" name="loginviaDataProvider" time="22.773"/>
  <testcase classname="logintests.AfterLogin" name="loginviaDataProvider" time="30.608"/>
</testsuite> <!-- logintests.AfterLogin -->
